
Changes for SOA-960130:

o New site for SOA GNU tools source

Changes for SOA-960119:

o Added section for overlays.
o Added section regarding global constructors

Changes for SOA-951117:

o Changed comments in "Code Quality"
o Removed references to "-mclen3" option -
  no longer supported

Changes for SOA-950822:

o Added section for the _end label
o Removed reference to "-mbsr" - not supported
o Added comment about GCC_EXEC_PREFIX for this version
o Added comment about transcendental functions being slow

Changes for SOA-950706:

o Added a note to GCC parameter passing convention 
o Added section on hardware divide
o Clarify notes for "arithmetic shift right"
o Clarify comment about "emu387 only needed for 386"
o Added section for structure padding
